<?xml version="1.0" encoding="UTF-8"?>
<!-- Generated by org.testng.reporters.JUnitXMLReporter -->
<testsuite ignored="1" hostname="Darsh-PC" failures="4" tests="13" name="Test" time="194.585" errors="0" timestamp="2022-04-13T01:20:00 EDT">
  <testcase classname="TestPackage.MenubarTest" name="findStore" time="4.602"/>
  <testcase classname="TestPackage.MenubarTest" name="giftcards" time="0.48"/>
  <testcase classname="TestPackage.MenubarTest" name="signIn" time="5.007">
    <failure type="org.testng.internal.thread.ThreadTimeoutException" message="Method TestPackage.MenubarTest.signIn() didn&amp;apos;t finish within the time-out 5000">
      <![CDATA[org.testng.internal.thread.ThreadTimeoutException: Method TestPackage.MenubarTest.signIn() didn't finish within the time-out 5000
at java.base/java.util.ArrayList.forEach(ArrayList.java:1510)
... Removed 24 stack frames]]>
    </failure>
  </testcase> <!-- signIn -->
  <testcase classname="TestPackage.MenubarTest" name="signUp" time="4.428"/>
  <testcase classname="TestPackage.HomePageTest" name="logo" time="0.154"/>
  <testcase classname="TestPackage.HomePageTest" name="navigator" time="0.416">
    <failure type="java.lang.AssertionError" message="expected [https://www.ulta.com/brand/dior] but found [https://www.ulta.com/]">
      <![CDATA[java.lang.AssertionError: expected [https://www.ulta.com/brand/dior] but found [https://www.ulta.com/]
at PageClassPackage.HomePageClass.navigator(HomePageClass.java:69)
at TestPackage.HomePageTest.navigator(HomePageTest.java:47)
at java.base/java.util.ArrayList.forEach(ArrayList.java:1510)
... Removed 32 stack frames]]>
    </failure>
  </testcase> <!-- navigator -->
  <testcase classname="TestPackage.HomePageTest" name="search" time="2.408">
    <failure type="java.lang.AssertionError" message="expected [https://www.ulta.com/shop/makeup] but found [https://www.ulta.com/]">
      <![CDATA[java.lang.AssertionError: expected [https://www.ulta.com/shop/makeup] but found [https://www.ulta.com/]
at PageClassPackage.HomePageClass.enterValuesToSearchField(HomePageClass.java:61)
at TestPackage.HomePageTest.search(HomePageTest.java:39)
at java.base/java.util.ArrayList.forEach(ArrayList.java:1510)
... Removed 32 stack frames]]>
    </failure>
  </testcase> <!-- search -->
  <testcase classname="TestPackage.LoginTest" name="login1" time="0.002"/>
  <testcase classname="TestPackage.LoginTest" name="validCredentilasFromProp" time="7.269"/>
  <testcase classname="TestPackage.LoginTest" name="invaliCredentials" time="5.93"/>
  <testcase classname="TestPackage.CheckCartTest" name="forgoPassword" time="10.047">
    <failure type="org.openqa.selenium.ElementNotInteractableException" message="element not interactable
  (Session info: chrome=100.0.4896.75)
Build info: version: &amp;apos;3.141.59&amp;apos;, revision: &amp;apos;e82be7d358&amp;apos;, time: &amp;apos;2018-11-14T08:17:03&amp;apos;
System info: host: &amp;apos;DARSH-PC&amp;apos;, ip: &amp;apos;192.168.0.181&amp;apos;, os.name: &amp;apos;Windows 10&amp;apos;, os.arch: &amp;apos;amd64&amp;apos;, os.version: &amp;apos;10.0&amp;apos;, java.version: &amp;apos;14.0.1&amp;apos;
Driver info: org.openqa.selenium.chrome.ChromeDriver
Capabilities {acceptInsecureCerts: false, browserName: chrome, browserVersion: 100.0.4896.75, chrome: {chromedriverVersion: 100.0.4896.60 (6a5d10861ce8..., userDataDir: C:\Users\Darsh\AppData\Loca...}, goog:chromeOptions: {debuggerAddress: localhost:59818}, javascriptEnabled: true, networkConnectionEnabled: false, pageLoadStrategy: normal, platform: WINDOWS, platformName: WINDOWS, proxy: Proxy(), setWindowRect: true, strictFileInteractability: false, timeouts: {implicit: 0, pageLoad: 300000, script: 30000}, unhandledPromptBehavior: dismiss and notify, webauthn:extension:credBlob: true, webauthn:extension:largeBlob: true, webauthn:virtualAuthenticators: true}
Session ID: 8fb9a853716f3b63bc3c2cd33ed37c24">
      <![CDATA[org.openqa.selenium.ElementNotInteractableException: element not interactable
  (Session info: chrome=100.0.4896.75)
Build info: version: '3.141.59', revision: 'e82be7d358', time: '2018-11-14T08:17:03'
System info: host: 'DARSH-PC', ip: '192.168.0.181', os.name: 'Windows 10', os.arch: 'amd64', os.version: '10.0', java.version: '14.0.1'
Driver info: org.openqa.selenium.chrome.ChromeDriver
Capabilities {acceptInsecureCerts: false, browserName: chrome, browserVersion: 100.0.4896.75, chrome: {chromedriverVersion: 100.0.4896.60 (6a5d10861ce8..., userDataDir: C:\Users\Darsh\AppData\Loca...}, goog:chromeOptions: {debuggerAddress: localhost:59818}, javascriptEnabled: true, networkConnectionEnabled: false, pageLoadStrategy: normal, platform: WINDOWS, platformName: WINDOWS, proxy: Proxy(), setWindowRect: true, strictFileInteractability: false, timeouts: {implicit: 0, pageLoad: 300000, script: 30000}, unhandledPromptBehavior: dismiss and notify, webauthn:extension:credBlob: true, webauthn:extension:largeBlob: true, webauthn:virtualAuthenticators: true}
Session ID: 8fb9a853716f3b63bc3c2cd33ed37c24
at org.openqa.selenium.remote.http.W3CHttpResponseCodec.createException(W3CHttpResponseCodec.java:187)
at org.openqa.selenium.remote.http.W3CHttpResponseCodec.decode(W3CHttpResponseCodec.java:122)
at org.openqa.selenium.remote.http.W3CHttpResponseCodec.decode(W3CHttpResponseCodec.java:49)
at org.openqa.selenium.remote.HttpCommandExecutor.execute(HttpCommandExecutor.java:158)
at org.openqa.selenium.remote.service.DriverCommandExecutor.execute(DriverCommandExecutor.java:83)
at org.openqa.selenium.remote.RemoteWebDriver.execute(RemoteWebDriver.java:552)
at org.openqa.selenium.remote.RemoteWebElement.execute(RemoteWebElement.java:285)
at org.openqa.selenium.remote.RemoteWebElement.sendKeys(RemoteWebElement.java:106)
at org.openqa.selenium.support.pagefactory.internal.LocatingElementHandler.invoke(LocatingElementHandler.java:51)
at com.sun.proxy.$Proxy28.sendKeys(Unknown Source)
at PageClassPackage.CheckCartClass.forgotPassword(CheckCartClass.java:71)
at TestPackage.CheckCartTest.forgoPassword(CheckCartTest.java:52)
at java.base/java.util.ArrayList.forEach(ArrayList.java:1510)
... Removed 36 stack frames]]>
    </failure>
  </testcase> <!-- forgoPassword -->
  <testcase classname="TestPackage.CheckCartTest" name="selectCart" time="3.309"/>
  <testcase classname="TestPackage.CheckCartTest" name="selectProduct" time="8.034"/>
  <testcase classname="TestPackage.LoginTest" name="login" time="0.0">
    <ignored/>
  </testcase> <!-- login -->
</testsuite> <!-- Test -->
