<!DOCTYPE html PUBLIC "-//W3C//DTD XHTML 1.1//EN" "https://www.w3.org/TR/xhtml11/DTD/xhtml11.dtd">
<html xmlns="https://www.w3.org/1999/xhtml">
<head>
<meta http-equiv="content-type" content="text/html; charset=UTF-8"/>
<title>TestNG Report</title>
<style type="text/css">table {margin-bottom:10px;border-collapse:collapse;empty-cells:show}th,td {border:1px solid #009;padding:.25em .5em}th {vertical-align:bottom}td {vertical-align:top}table a {font-weight:bold}.stripe td {background-color: #E6EBF9}.num {text-align:right}.passedodd td {background-color: #3F3}.passedeven td {background-color: #0A0}.skippedodd td {background-color: #DDD}.skippedeven td {background-color: #CCC}.failedodd td,.attn {background-color: #F33}.failedeven td,.stripe .attn {background-color: #D00}.stacktrace {white-space:pre;font-family:monospace}.totop {font-size:85%;text-align:center;border-bottom:2px solid #000}.invisible {display:none}</style>
</head>
<body>
<table>
<tr><th>Test</th><th># Passed</th><th># Skipped</th><th># Retried</th><th># Failed</th><th>Time (ms)</th><th>Included Groups</th><th>Excluded Groups</th></tr>
<tr><th colspan="8">testing</th></tr>
<tr><td><a href="#t0">Test</a></td><td class="num">9</td><td class="num">0</td><td class="num">0</td><td class="num attn">4</td><td class="num">194,585</td><td></td><td></td></tr>
</table>
<table id='summary'><thead><tr><th>Class</th><th>Method</th><th>Start</th><th>Time (ms)</th></tr></thead><tbody><tr><th colspan="4">testing</th></tr></tbody><tbody id="t0"><tr><th colspan="4">Test &#8212; failed</th></tr><tr class="failedeven"><td rowspan="1">TestPackage.CheckCartTest</td><td><a href="#m0">forgoPassword</a></td><td rowspan="1">1649827154537</td><td rowspan="1">10047</td></tr><tr class="failedodd"><td rowspan="2">TestPackage.HomePageTest</td><td><a href="#m1">navigator</a></td><td rowspan="1">1649827092430</td><td rowspan="1">416</td></tr><tr class="failedodd"><td><a href="#m2">search</a></td><td rowspan="1">1649827105697</td><td rowspan="1">2408</td></tr><tr class="failedeven"><td rowspan="1">TestPackage.MenubarTest</td><td><a href="#m3">signIn</a></td><td rowspan="1">1649827040690</td><td rowspan="1">5007</td></tr><tr><th colspan="4">Test &#8212; passed</th></tr><tr class="passedeven"><td rowspan="2">TestPackage.CheckCartTest</td><td><a href="#m4">selectCart</a></td><td rowspan="1">1649827171833</td><td rowspan="1">3309</td></tr><tr class="passedeven"><td><a href="#m5">selectProduct</a></td><td rowspan="1">1649827188007</td><td rowspan="1">8034</td></tr><tr class="passedodd"><td rowspan="1">TestPackage.HomePageTest</td><td><a href="#m6">logo</a></td><td rowspan="1">1649827077839</td><td rowspan="1">154</td></tr><tr class="passedeven"><td rowspan="3">TestPackage.LoginTest</td><td><a href="#m7">invaliCredentials</a></td><td rowspan="1">1649827139920</td><td rowspan="1">5930</td></tr><tr class="passedeven"><td><a href="#m8">login1</a></td><td rowspan="1">1649827113423</td><td rowspan="1">2</td></tr><tr class="passedeven"><td><a href="#m9">validCredentilasFromProp</a></td><td rowspan="1">1649827122628</td><td rowspan="1">7269</td></tr><tr class="passedodd"><td rowspan="3">TestPackage.MenubarTest</td><td><a href="#m10">findStore</a></td><td rowspan="1">1649827012966</td><td rowspan="1">4602</td></tr><tr class="passedodd"><td><a href="#m11">giftcards</a></td><td rowspan="1">1649827029258</td><td rowspan="1">480</td></tr><tr class="passedodd"><td><a href="#m12">signUp</a></td><td rowspan="1">1649827060877</td><td rowspan="1">4428</td></tr></tbody>
</table>
<h2>Test</h2><h3 id="m0">TestPackage.CheckCartTest#forgoPassword</h3><table class="result"><tr><th>Exception</th></tr><tr><td><div class="stacktrace">org.openqa.selenium.ElementNotInteractableException: element not interactable
  (Session info: chrome=100.0.4896.75)
Build info: version: &apos;3.141.59&apos;, revision: &apos;e82be7d358&apos;, time: &apos;2018-11-14T08:17:03&apos;
System info: host: &apos;DARSH-PC&apos;, ip: &apos;192.168.0.181&apos;, os.name: &apos;Windows 10&apos;, os.arch: &apos;amd64&apos;, os.version: &apos;10.0&apos;, java.version: &apos;14.0.1&apos;
Driver info: org.openqa.selenium.chrome.ChromeDriver
Capabilities {acceptInsecureCerts: false, browserName: chrome, browserVersion: 100.0.4896.75, chrome: {chromedriverVersion: 100.0.4896.60 (6a5d10861ce8..., userDataDir: C:\Users\Darsh\AppData\Loca...}, goog:chromeOptions: {debuggerAddress: localhost:59818}, javascriptEnabled: true, networkConnectionEnabled: false, pageLoadStrategy: normal, platform: WINDOWS, platformName: WINDOWS, proxy: Proxy(), setWindowRect: true, strictFileInteractability: false, timeouts: {implicit: 0, pageLoad: 300000, script: 30000}, unhandledPromptBehavior: dismiss and notify, webauthn:extension:credBlob: true, webauthn:extension:largeBlob: true, webauthn:virtualAuthenticators: true}
Session ID: 8fb9a853716f3b63bc3c2cd33ed37c24
	at org.openqa.selenium.remote.http.W3CHttpResponseCodec.createException(W3CHttpResponseCodec.java:187)
	at org.openqa.selenium.remote.http.W3CHttpResponseCodec.decode(W3CHttpResponseCodec.java:122)
	at org.openqa.selenium.remote.http.W3CHttpResponseCodec.decode(W3CHttpResponseCodec.java:49)
	at org.openqa.selenium.remote.HttpCommandExecutor.execute(HttpCommandExecutor.java:158)
	at org.openqa.selenium.remote.service.DriverCommandExecutor.execute(DriverCommandExecutor.java:83)
	at org.openqa.selenium.remote.RemoteWebDriver.execute(RemoteWebDriver.java:552)
	at org.openqa.selenium.remote.RemoteWebElement.execute(RemoteWebElement.java:285)
	at org.openqa.selenium.remote.RemoteWebElement.sendKeys(RemoteWebElement.java:106)
	at org.openqa.selenium.support.pagefactory.internal.LocatingElementHandler.invoke(LocatingElementHandler.java:51)
	at com.sun.proxy.$Proxy28.sendKeys(Unknown Source)
	at PageClassPackage.CheckCartClass.forgotPassword(CheckCartClass.java:71)
	at TestPackage.CheckCartTest.forgoPassword(CheckCartTest.java:52)
	at java.base/java.util.ArrayList.forEach(ArrayList.java:1510)
... Removed 36 stack frames</div></td></tr></table><p class="totop"><a href="#summary">back to summary</a></p>
<h3 id="m1">TestPackage.HomePageTest#navigator</h3><table class="result"><tr><th>Exception</th></tr><tr><td><div class="stacktrace">java.lang.AssertionError: expected [https://www.ulta.com/brand/dior] but found [https://www.ulta.com/]
	at PageClassPackage.HomePageClass.navigator(HomePageClass.java:69)
	at TestPackage.HomePageTest.navigator(HomePageTest.java:47)
	at java.base/java.util.ArrayList.forEach(ArrayList.java:1510)
... Removed 32 stack frames</div></td></tr></table><p class="totop"><a href="#summary">back to summary</a></p>
<h3 id="m2">TestPackage.HomePageTest#search</h3><table class="result"><tr><th>Exception</th></tr><tr><td><div class="stacktrace">java.lang.AssertionError: expected [https://www.ulta.com/shop/makeup] but found [https://www.ulta.com/]
	at PageClassPackage.HomePageClass.enterValuesToSearchField(HomePageClass.java:61)
	at TestPackage.HomePageTest.search(HomePageTest.java:39)
	at java.base/java.util.ArrayList.forEach(ArrayList.java:1510)
... Removed 32 stack frames</div></td></tr></table><p class="totop"><a href="#summary">back to summary</a></p>
<h3 id="m3">TestPackage.MenubarTest#signIn</h3><table class="result"><tr><th>Exception</th></tr><tr><td><div class="stacktrace">org.testng.internal.thread.ThreadTimeoutException: Method TestPackage.MenubarTest.signIn() didn&apos;t finish within the time-out 5000
	at java.base/java.util.ArrayList.forEach(ArrayList.java:1510)
... Removed 24 stack frames</div></td></tr></table><p class="totop"><a href="#summary">back to summary</a></p>
<h3 id="m4">TestPackage.CheckCartTest#selectCart</h3><table class="result"><tr><th class="invisible"/></tr></table><p class="totop"><a href="#summary">back to summary</a></p>
<h3 id="m5">TestPackage.CheckCartTest#selectProduct</h3><table class="result"><tr><th class="invisible"/></tr></table><p class="totop"><a href="#summary">back to summary</a></p>
<h3 id="m6">TestPackage.HomePageTest#logo</h3><table class="result"><tr><th class="invisible"/></tr></table><p class="totop"><a href="#summary">back to summary</a></p>
<h3 id="m7">TestPackage.LoginTest#invaliCredentials</h3><table class="result"><tr><th class="invisible"/></tr></table><p class="totop"><a href="#summary">back to summary</a></p>
<h3 id="m8">TestPackage.LoginTest#login1</h3><table class="result"><tr><th class="invisible"/></tr></table><p class="totop"><a href="#summary">back to summary</a></p>
<h3 id="m9">TestPackage.LoginTest#validCredentilasFromProp</h3><table class="result"><tr><th class="invisible"/></tr></table><p class="totop"><a href="#summary">back to summary</a></p>
<h3 id="m10">TestPackage.MenubarTest#findStore</h3><table class="result"><tr><th class="invisible"/></tr></table><p class="totop"><a href="#summary">back to summary</a></p>
<h3 id="m11">TestPackage.MenubarTest#giftcards</h3><table class="result"><tr><th class="invisible"/></tr></table><p class="totop"><a href="#summary">back to summary</a></p>
<h3 id="m12">TestPackage.MenubarTest#signUp</h3><table class="result"><tr><th class="invisible"/></tr></table><p class="totop"><a href="#summary">back to summary</a></p>
</body>
</html>
