<?xml version="1.0" encoding="UTF-8"?>
<testng-results ignored="1" total="14" passed="9" failed="4" skipped="0">
  <reporter-output>
  </reporter-output>
  <suite started-at="2022-04-13T01:16:45 EDT" name="testing" finished-at="2022-04-13T01:20:00 EDT" duration-ms="194585">
    <groups>
      <group name="SkipTest">
        <method signature="LoginTest.login1()[pri:0, instance:TestPackage.LoginTest@7813cb11]" name="login1" class="TestPackage.LoginTest"/>
      </group> <!-- SkipTest -->
    </groups>
    <test started-at="2022-04-13T01:16:45 EDT" name="Test" finished-at="2022-04-13T01:20:00 EDT" duration-ms="194585">
      <class name="TestPackage.MenubarTest">
        <test-method is-config="true" signature="launching()[pri:0, instance:TestPackage.MenubarTest@3a320ade]" started-at="2022-04-13T01:16:45 EDT" name="launching" finished-at="2022-04-13T01:16:52 EDT" duration-ms="7256" status="PASS">
          <reporter-output>
          </reporter-output>
        </test-method> <!-- launching -->
        <test-method signature="findStore()[pri:0, instance:TestPackage.MenubarTest@3a320ade]" started-at="2022-04-13T01:16:52 EDT" name="findStore" finished-at="2022-04-13T01:16:57 EDT" duration-ms="4602" status="PASS">
          <reporter-output>
          </reporter-output>
        </test-method> <!-- findStore -->
        <test-method is-config="true" signature="closeBowser()[pri:0, instance:TestPackage.MenubarTest@3a320ade]" started-at="2022-04-13T01:16:57 EDT" name="closeBowser" finished-at="2022-04-13T01:17:02 EDT" duration-ms="4940" status="PASS">
          <reporter-output>
          </reporter-output>
        </test-method> <!-- closeBowser -->
        <test-method is-config="true" signature="launching()[pri:0, instance:TestPackage.MenubarTest@3a320ade]" started-at="2022-04-13T01:17:02 EDT" name="launching" finished-at="2022-04-13T01:17:09 EDT" duration-ms="6736" status="PASS">
          <reporter-output>
          </reporter-output>
        </test-method> <!-- launching -->
        <test-method signature="giftcards()[pri:0, instance:TestPackage.MenubarTest@3a320ade]" started-at="2022-04-13T01:17:09 EDT" name="giftcards" finished-at="2022-04-13T01:17:09 EDT" depends-on-methods="TestPackage.MenubarTest.findStore" duration-ms="480" status="PASS">
          <reporter-output>
          </reporter-output>
        </test-method> <!-- giftcards -->
        <test-method is-config="true" signature="closeBowser()[pri:0, instance:TestPackage.MenubarTest@3a320ade]" started-at="2022-04-13T01:17:09 EDT" name="closeBowser" finished-at="2022-04-13T01:17:14 EDT" duration-ms="4673" status="PASS">
          <reporter-output>
          </reporter-output>
        </test-method> <!-- closeBowser -->
        <test-method is-config="true" signature="launching()[pri:0, instance:TestPackage.MenubarTest@3a320ade]" started-at="2022-04-13T01:17:14 EDT" name="launching" finished-at="2022-04-13T01:17:20 EDT" duration-ms="6267" status="PASS">
          <reporter-output>
          </reporter-output>
        </test-method> <!-- launching -->
        <test-method signature="signIn()[pri:0, instance:TestPackage.MenubarTest@3a320ade]" started-at="2022-04-13T01:17:20 EDT" name="signIn" finished-at="2022-04-13T01:17:25 EDT" duration-ms="5007" status="FAIL">
          <exception class="org.testng.internal.thread.ThreadTimeoutException">
            <message>
              <![CDATA[Method TestPackage.MenubarTest.signIn() didn't finish within the time-out 5000]]>
            </message>
            <full-stacktrace>
              <![CDATA[org.testng.internal.thread.ThreadTimeoutException: Method TestPackage.MenubarTest.signIn() didn't finish within the time-out 5000
at org.testng.internal.MethodInvocationHelper.invokeWithTimeoutWithNewExecutor(MethodInvocationHelper.java:374)
at org.testng.internal.MethodInvocationHelper.invokeWithTimeout(MethodInvocationHelper.java:285)
at org.testng.internal.TestInvoker.invokeMethod(TestInvoker.java:604)
at org.testng.internal.TestInvoker.invokeTestMethod(TestInvoker.java:174)
at org.testng.internal.MethodRunner.runInSequence(MethodRunner.java:46)
at org.testng.internal.TestInvoker$MethodInvocationAgent.invoke(TestInvoker.java:821)
at org.testng.internal.TestInvoker.invokeTestMethods(TestInvoker.java:147)
at org.testng.internal.TestMethodWorker.invokeTestMethods(TestMethodWorker.java:146)
at org.testng.internal.TestMethodWorker.run(TestMethodWorker.java:128)
at java.base/java.util.ArrayList.forEach(ArrayList.java:1510)
at org.testng.TestRunner.privateRun(TestRunner.java:767)
at org.testng.TestRunner.run(TestRunner.java:588)
at org.testng.SuiteRunner.runTest(SuiteRunner.java:384)
at org.testng.SuiteRunner.runSequentially(SuiteRunner.java:378)
at org.testng.SuiteRunner.privateRun(SuiteRunner.java:337)
at org.testng.SuiteRunner.run(SuiteRunner.java:286)
at org.testng.SuiteRunnerWorker.runSuite(SuiteRunnerWorker.java:53)
at org.testng.SuiteRunnerWorker.run(SuiteRunnerWorker.java:96)
at org.testng.TestNG.runSuitesSequentially(TestNG.java:1214)
at org.testng.TestNG.runSuitesLocally(TestNG.java:1136)
at org.testng.TestNG.runSuites(TestNG.java:1066)
at org.testng.TestNG.run(TestNG.java:1034)
at org.testng.remote.AbstractRemoteTestNG.run(AbstractRemoteTestNG.java:115)
at org.testng.remote.RemoteTestNG.initAndRun(RemoteTestNG.java:251)
at org.testng.remote.RemoteTestNG.main(RemoteTestNG.java:77)
]]>
            </full-stacktrace>
          </exception> <!-- org.testng.internal.thread.ThreadTimeoutException -->
          <reporter-output>
          </reporter-output>
        </test-method> <!-- signIn -->
        <test-method is-config="true" signature="closeBowser()[pri:0, instance:TestPackage.MenubarTest@3a320ade]" started-at="2022-04-13T01:17:25 EDT" name="closeBowser" finished-at="2022-04-13T01:17:34 EDT" duration-ms="8883" status="PASS">
          <reporter-output>
          </reporter-output>
        </test-method> <!-- closeBowser -->
        <test-method is-config="true" signature="launching()[pri:0, instance:TestPackage.MenubarTest@3a320ade]" started-at="2022-04-13T01:17:34 EDT" name="launching" finished-at="2022-04-13T01:17:40 EDT" duration-ms="6284" status="PASS">
          <reporter-output>
          </reporter-output>
        </test-method> <!-- launching -->
        <test-method signature="signUp()[pri:0, instance:TestPackage.MenubarTest@3a320ade]" started-at="2022-04-13T01:17:40 EDT" name="signUp" finished-at="2022-04-13T01:17:45 EDT" duration-ms="4428" status="PASS">
          <reporter-output>
          </reporter-output>
        </test-method> <!-- signUp -->
        <test-method is-config="true" signature="closeBowser()[pri:0, instance:TestPackage.MenubarTest@3a320ade]" started-at="2022-04-13T01:17:45 EDT" name="closeBowser" finished-at="2022-04-13T01:17:49 EDT" duration-ms="4172" status="PASS">
          <reporter-output>
          </reporter-output>
        </test-method> <!-- closeBowser -->
      </class> <!-- TestPackage.MenubarTest -->
      <class name="TestPackage.LoginTest">
        <test-method is-config="true" signature="launching()[pri:0, instance:TestPackage.LoginTest@7813cb11]" started-at="2022-04-13T01:18:28 EDT" name="launching" finished-at="2022-04-13T01:18:33 EDT" duration-ms="5043" status="PASS">
          <reporter-output>
          </reporter-output>
        </test-method> <!-- launching -->
        <test-method signature="login1()[pri:0, instance:TestPackage.LoginTest@7813cb11]" started-at="2022-04-13T01:18:33 EDT" name="login1" finished-at="2022-04-13T01:18:33 EDT" duration-ms="2" status="PASS">
          <reporter-output>
          </reporter-output>
        </test-method> <!-- login1 -->
        <test-method is-config="true" signature="closeBowser()[pri:0, instance:TestPackage.LoginTest@7813cb11]" started-at="2022-04-13T01:18:33 EDT" name="closeBowser" finished-at="2022-04-13T01:18:37 EDT" duration-ms="4196" status="PASS">
          <reporter-output>
          </reporter-output>
        </test-method> <!-- closeBowser -->
        <test-method is-config="true" signature="launching()[pri:0, instance:TestPackage.LoginTest@7813cb11]" started-at="2022-04-13T01:18:37 EDT" name="launching" finished-at="2022-04-13T01:18:42 EDT" duration-ms="5002" status="PASS">
          <reporter-output>
          </reporter-output>
        </test-method> <!-- launching -->
        <test-method signature="validCredentilasFromProp()[pri:0, instance:TestPackage.LoginTest@7813cb11]" started-at="2022-04-13T01:18:42 EDT" name="validCredentilasFromProp" description="Used Valid credentials from config.property" finished-at="2022-04-13T01:18:49 EDT" duration-ms="7269" status="PASS">
          <reporter-output>
          </reporter-output>
        </test-method> <!-- validCredentilasFromProp -->
        <test-method is-config="true" signature="closeBowser()[pri:0, instance:TestPackage.LoginTest@7813cb11]" started-at="2022-04-13T01:18:49 EDT" name="closeBowser" finished-at="2022-04-13T01:18:54 EDT" duration-ms="4772" status="PASS">
          <reporter-output>
          </reporter-output>
        </test-method> <!-- closeBowser -->
        <test-method is-config="true" signature="launching()[pri:0, instance:TestPackage.LoginTest@7813cb11]" started-at="2022-04-13T01:18:54 EDT" name="launching" finished-at="2022-04-13T01:18:59 EDT" duration-ms="5247" status="PASS">
          <reporter-output>
          </reporter-output>
        </test-method> <!-- launching -->
        <test-method signature="invaliCredentials()[pri:1, instance:TestPackage.LoginTest@7813cb11]" started-at="2022-04-13T01:18:59 EDT" name="invaliCredentials" finished-at="2022-04-13T01:19:05 EDT" duration-ms="5930" status="PASS">
          <reporter-output>
          </reporter-output>
        </test-method> <!-- invaliCredentials -->
        <test-method is-config="true" signature="closeBowser()[pri:0, instance:TestPackage.LoginTest@7813cb11]" started-at="2022-04-13T01:19:05 EDT" name="closeBowser" finished-at="2022-04-13T01:19:06 EDT" duration-ms="347" status="PASS">
          <reporter-output>
          </reporter-output>
        </test-method> <!-- closeBowser -->
      </class> <!-- TestPackage.LoginTest -->
      <class name="TestPackage.CheckCartTest">
        <test-method is-config="true" signature="launching()[pri:0, instance:TestPackage.CheckCartTest@bcec031]" started-at="2022-04-13T01:19:06 EDT" name="launching" finished-at="2022-04-13T01:19:14 EDT" duration-ms="8338" status="PASS">
          <reporter-output>
          </reporter-output>
        </test-method> <!-- launching -->
        <test-method signature="forgoPassword()[pri:0, instance:TestPackage.CheckCartTest@bcec031]" started-at="2022-04-13T01:19:14 EDT" name="forgoPassword" finished-at="2022-04-13T01:19:24 EDT" duration-ms="10047" status="FAIL">
          <exception class="org.openqa.selenium.ElementNotInteractableException">
            <message>
              <![CDATA[element not interactable
  (Session info: chrome=100.0.4896.75)
Build info: version: '3.141.59', revision: 'e82be7d358', time: '2018-11-14T08:17:03'
System info: host: 'DARSH-PC', ip: '192.168.0.181', os.name: 'Windows 10', os.arch: 'amd64', os.version: '10.0', java.version: '14.0.1'
Driver info: org.openqa.selenium.chrome.ChromeDriver
Capabilities {acceptInsecureCerts: false, browserName: chrome, browserVersion: 100.0.4896.75, chrome: {chromedriverVersion: 100.0.4896.60 (6a5d10861ce8..., userDataDir: C:\Users\Darsh\AppData\Loca...}, goog:chromeOptions: {debuggerAddress: localhost:59818}, javascriptEnabled: true, networkConnectionEnabled: false, pageLoadStrategy: normal, platform: WINDOWS, platformName: WINDOWS, proxy: Proxy(), setWindowRect: true, strictFileInteractability: false, timeouts: {implicit: 0, pageLoad: 300000, script: 30000}, unhandledPromptBehavior: dismiss and notify, webauthn:extension:credBlob: true, webauthn:extension:largeBlob: true, webauthn:virtualAuthenticators: true}
Session ID: 8fb9a853716f3b63bc3c2cd33ed37c24]]>
            </message>
            <full-stacktrace>
              <![CDATA[org.openqa.selenium.ElementNotInteractableException: element not interactable
  (Session info: chrome=100.0.4896.75)
Build info: version: '3.141.59', revision: 'e82be7d358', time: '2018-11-14T08:17:03'
System info: host: 'DARSH-PC', ip: '192.168.0.181', os.name: 'Windows 10', os.arch: 'amd64', os.version: '10.0', java.version: '14.0.1'
Driver info: org.openqa.selenium.chrome.ChromeDriver
Capabilities {acceptInsecureCerts: false, browserName: chrome, browserVersion: 100.0.4896.75, chrome: {chromedriverVersion: 100.0.4896.60 (6a5d10861ce8..., userDataDir: C:\Users\Darsh\AppData\Loca...}, goog:chromeOptions: {debuggerAddress: localhost:59818}, javascriptEnabled: true, networkConnectionEnabled: false, pageLoadStrategy: normal, platform: WINDOWS, platformName: WINDOWS, proxy: Proxy(), setWindowRect: true, strictFileInteractability: false, timeouts: {implicit: 0, pageLoad: 300000, script: 30000}, unhandledPromptBehavior: dismiss and notify, webauthn:extension:credBlob: true, webauthn:extension:largeBlob: true, webauthn:virtualAuthenticators: true}
Session ID: 8fb9a853716f3b63bc3c2cd33ed37c24
at java.base/jdk.internal.reflect.NativeConstructorAccessorImpl.newInstance0(Native Method)
at java.base/jdk.internal.reflect.NativeConstructorAccessorImpl.newInstance(NativeConstructorAccessorImpl.java:62)
at java.base/jdk.internal.reflect.DelegatingConstructorAccessorImpl.newInstance(DelegatingConstructorAccessorImpl.java:45)
at java.base/java.lang.reflect.Constructor.newInstanceWithCaller(Constructor.java:500)
at java.base/java.lang.reflect.Constructor.newInstance(Constructor.java:481)
at org.openqa.selenium.remote.http.W3CHttpResponseCodec.createException(W3CHttpResponseCodec.java:187)
at org.openqa.selenium.remote.http.W3CHttpResponseCodec.decode(W3CHttpResponseCodec.java:122)
at org.openqa.selenium.remote.http.W3CHttpResponseCodec.decode(W3CHttpResponseCodec.java:49)
at org.openqa.selenium.remote.HttpCommandExecutor.execute(HttpCommandExecutor.java:158)
at org.openqa.selenium.remote.service.DriverCommandExecutor.execute(DriverCommandExecutor.java:83)
at org.openqa.selenium.remote.RemoteWebDriver.execute(RemoteWebDriver.java:552)
at org.openqa.selenium.remote.RemoteWebElement.execute(RemoteWebElement.java:285)
at org.openqa.selenium.remote.RemoteWebElement.sendKeys(RemoteWebElement.java:106)
at java.base/jdk.internal.reflect.NativeMethodAccessorImpl.invoke0(Native Method)
at java.base/jdk.internal.reflect.NativeMethodAccessorImpl.invoke(NativeMethodAccessorImpl.java:62)
at java.base/jdk.internal.reflect.DelegatingMethodAccessorImpl.invoke(DelegatingMethodAccessorImpl.java:43)
at java.base/java.lang.reflect.Method.invoke(Method.java:564)
at org.openqa.selenium.support.pagefactory.internal.LocatingElementHandler.invoke(LocatingElementHandler.java:51)
at com.sun.proxy.$Proxy28.sendKeys(Unknown Source)
at PageClassPackage.CheckCartClass.forgotPassword(CheckCartClass.java:71)
at TestPackage.CheckCartTest.forgoPassword(CheckCartTest.java:52)
at java.base/jdk.internal.reflect.NativeMethodAccessorImpl.invoke0(Native Method)
at java.base/jdk.internal.reflect.NativeMethodAccessorImpl.invoke(NativeMethodAccessorImpl.java:62)
at java.base/jdk.internal.reflect.DelegatingMethodAccessorImpl.invoke(DelegatingMethodAccessorImpl.java:43)
at java.base/java.lang.reflect.Method.invoke(Method.java:564)
at org.testng.internal.MethodInvocationHelper.invokeMethod(MethodInvocationHelper.java:135)
at org.testng.internal.TestInvoker.invokeMethod(TestInvoker.java:598)
at org.testng.internal.TestInvoker.invokeTestMethod(TestInvoker.java:174)
at org.testng.internal.MethodRunner.runInSequence(MethodRunner.java:46)
at org.testng.internal.TestInvoker$MethodInvocationAgent.invoke(TestInvoker.java:821)
at org.testng.internal.TestInvoker.invokeTestMethods(TestInvoker.java:147)
at org.testng.internal.TestMethodWorker.invokeTestMethods(TestMethodWorker.java:146)
at org.testng.internal.TestMethodWorker.run(TestMethodWorker.java:128)
at java.base/java.util.ArrayList.forEach(ArrayList.java:1510)
at org.testng.TestRunner.privateRun(TestRunner.java:767)
at org.testng.TestRunner.run(TestRunner.java:588)
at org.testng.SuiteRunner.runTest(SuiteRunner.java:384)
at org.testng.SuiteRunner.runSequentially(SuiteRunner.java:378)
at org.testng.SuiteRunner.privateRun(SuiteRunner.java:337)
at org.testng.SuiteRunner.run(SuiteRunner.java:286)
at org.testng.SuiteRunnerWorker.runSuite(SuiteRunnerWorker.java:53)
at org.testng.SuiteRunnerWorker.run(SuiteRunnerWorker.java:96)
at org.testng.TestNG.runSuitesSequentially(TestNG.java:1214)
at org.testng.TestNG.runSuitesLocally(TestNG.java:1136)
at org.testng.TestNG.runSuites(TestNG.java:1066)
at org.testng.TestNG.run(TestNG.java:1034)
at org.testng.remote.AbstractRemoteTestNG.run(AbstractRemoteTestNG.java:115)
at org.testng.remote.RemoteTestNG.initAndRun(RemoteTestNG.java:251)
at org.testng.remote.RemoteTestNG.main(RemoteTestNG.java:77)
]]>
            </full-stacktrace>
          </exception> <!-- org.openqa.selenium.ElementNotInteractableException -->
          <reporter-output>
          </reporter-output>
        </test-method> <!-- forgoPassword -->
        <test-method is-config="true" signature="closeBowser()[pri:0, instance:TestPackage.CheckCartTest@bcec031]" started-at="2022-04-13T01:19:24 EDT" name="closeBowser" finished-at="2022-04-13T01:19:24 EDT" duration-ms="343" status="PASS">
          <reporter-output>
          </reporter-output>
        </test-method> <!-- closeBowser -->
        <test-method is-config="true" signature="launching()[pri:0, instance:TestPackage.CheckCartTest@bcec031]" started-at="2022-04-13T01:19:24 EDT" name="launching" finished-at="2022-04-13T01:19:31 EDT" duration-ms="6902" status="PASS">
          <reporter-output>
          </reporter-output>
        </test-method> <!-- launching -->
        <test-method signature="selectCart()[pri:0, instance:TestPackage.CheckCartTest@bcec031]" started-at="2022-04-13T01:19:31 EDT" name="selectCart" finished-at="2022-04-13T01:19:35 EDT" duration-ms="3309" status="PASS">
          <reporter-output>
          </reporter-output>
        </test-method> <!-- selectCart -->
        <test-method is-config="true" signature="closeBowser()[pri:0, instance:TestPackage.CheckCartTest@bcec031]" started-at="2022-04-13T01:19:35 EDT" name="closeBowser" finished-at="2022-04-13T01:19:39 EDT" duration-ms="4161" status="PASS">
          <reporter-output>
          </reporter-output>
        </test-method> <!-- closeBowser -->
        <test-method is-config="true" signature="launching()[pri:0, instance:TestPackage.CheckCartTest@bcec031]" started-at="2022-04-13T01:19:39 EDT" name="launching" finished-at="2022-04-13T01:19:48 EDT" duration-ms="8703" status="PASS">
          <reporter-output>
          </reporter-output>
        </test-method> <!-- launching -->
        <test-method signature="selectProduct()[pri:0, instance:TestPackage.CheckCartTest@bcec031]" started-at="2022-04-13T01:19:48 EDT" name="selectProduct" finished-at="2022-04-13T01:19:56 EDT" duration-ms="8034" status="PASS">
          <reporter-output>
          </reporter-output>
        </test-method> <!-- selectProduct -->
        <test-method is-config="true" signature="closeBowser()[pri:0, instance:TestPackage.CheckCartTest@bcec031]" started-at="2022-04-13T01:19:56 EDT" name="closeBowser" finished-at="2022-04-13T01:20:00 EDT" duration-ms="4217" status="PASS">
          <reporter-output>
          </reporter-output>
        </test-method> <!-- closeBowser -->
      </class> <!-- TestPackage.CheckCartTest -->
      <class name="TestPackage.HomePageTest">
        <test-method is-config="true" signature="launching()[pri:0, instance:TestPackage.HomePageTest@64beebb7]" started-at="2022-04-13T01:17:49 EDT" name="launching" finished-at="2022-04-13T01:17:57 EDT" duration-ms="8359" status="PASS">
          <reporter-output>
          </reporter-output>
        </test-method> <!-- launching -->
        <test-method signature="logo()[pri:0, instance:TestPackage.HomePageTest@64beebb7]" started-at="2022-04-13T01:17:57 EDT" name="logo" finished-at="2022-04-13T01:17:57 EDT" duration-ms="154" status="PASS">
          <reporter-output>
          </reporter-output>
        </test-method> <!-- logo -->
        <test-method is-config="true" signature="closeBowser()[pri:0, instance:TestPackage.HomePageTest@64beebb7]" started-at="2022-04-13T01:17:57 EDT" name="closeBowser" finished-at="2022-04-13T01:18:02 EDT" duration-ms="4168" status="PASS">
          <reporter-output>
          </reporter-output>
        </test-method> <!-- closeBowser -->
        <test-method is-config="true" signature="launching()[pri:0, instance:TestPackage.HomePageTest@64beebb7]" started-at="2022-04-13T01:18:02 EDT" name="launching" finished-at="2022-04-13T01:18:12 EDT" duration-ms="10268" status="PASS">
          <reporter-output>
          </reporter-output>
        </test-method> <!-- launching -->
        <test-method signature="navigator()[pri:0, instance:TestPackage.HomePageTest@64beebb7]" started-at="2022-04-13T01:18:12 EDT" name="navigator" finished-at="2022-04-13T01:18:12 EDT" duration-ms="416" status="FAIL">
          <exception class="java.lang.AssertionError">
            <message>
              <![CDATA[expected [https://www.ulta.com/brand/dior] but found [https://www.ulta.com/]]]>
            </message>
            <full-stacktrace>
              <![CDATA[java.lang.AssertionError: expected [https://www.ulta.com/brand/dior] but found [https://www.ulta.com/]
at org.testng.Assert.fail(Assert.java:97)
at org.testng.Assert.assertEqualsImpl(Assert.java:136)
at org.testng.Assert.assertEquals(Assert.java:118)
at org.testng.Assert.assertEquals(Assert.java:575)
at org.testng.Assert.assertEquals(Assert.java:585)
at PageClassPackage.HomePageClass.navigator(HomePageClass.java:69)
at TestPackage.HomePageTest.navigator(HomePageTest.java:47)
at java.base/jdk.internal.reflect.NativeMethodAccessorImpl.invoke0(Native Method)
at java.base/jdk.internal.reflect.NativeMethodAccessorImpl.invoke(NativeMethodAccessorImpl.java:62)
at java.base/jdk.internal.reflect.DelegatingMethodAccessorImpl.invoke(DelegatingMethodAccessorImpl.java:43)
at java.base/java.lang.reflect.Method.invoke(Method.java:564)
at org.testng.internal.MethodInvocationHelper.invokeMethod(MethodInvocationHelper.java:135)
at org.testng.internal.TestInvoker.invokeMethod(TestInvoker.java:598)
at org.testng.internal.TestInvoker.invokeTestMethod(TestInvoker.java:174)
at org.testng.internal.MethodRunner.runInSequence(MethodRunner.java:46)
at org.testng.internal.TestInvoker$MethodInvocationAgent.invoke(TestInvoker.java:821)
at org.testng.internal.TestInvoker.invokeTestMethods(TestInvoker.java:147)
at org.testng.internal.TestMethodWorker.invokeTestMethods(TestMethodWorker.java:146)
at org.testng.internal.TestMethodWorker.run(TestMethodWorker.java:128)
at java.base/java.util.ArrayList.forEach(ArrayList.java:1510)
at org.testng.TestRunner.privateRun(TestRunner.java:767)
at org.testng.TestRunner.run(TestRunner.java:588)
at org.testng.SuiteRunner.runTest(SuiteRunner.java:384)
at org.testng.SuiteRunner.runSequentially(SuiteRunner.java:378)
at org.testng.SuiteRunner.privateRun(SuiteRunner.java:337)
at org.testng.SuiteRunner.run(SuiteRunner.java:286)
at org.testng.SuiteRunnerWorker.runSuite(SuiteRunnerWorker.java:53)
at org.testng.SuiteRunnerWorker.run(SuiteRunnerWorker.java:96)
at org.testng.TestNG.runSuitesSequentially(TestNG.java:1214)
at org.testng.TestNG.runSuitesLocally(TestNG.java:1136)
at org.testng.TestNG.runSuites(TestNG.java:1066)
at org.testng.TestNG.run(TestNG.java:1034)
at org.testng.remote.AbstractRemoteTestNG.run(AbstractRemoteTestNG.java:115)
at org.testng.remote.RemoteTestNG.initAndRun(RemoteTestNG.java:251)
at org.testng.remote.RemoteTestNG.main(RemoteTestNG.java:77)
]]>
            </full-stacktrace>
          </exception> <!-- java.lang.AssertionError -->
          <reporter-output>
          </reporter-output>
        </test-method> <!-- navigator -->
        <test-method is-config="true" signature="closeBowser()[pri:0, instance:TestPackage.HomePageTest@64beebb7]" started-at="2022-04-13T01:18:12 EDT" name="closeBowser" finished-at="2022-04-13T01:18:17 EDT" duration-ms="4187" status="PASS">
          <reporter-output>
          </reporter-output>
        </test-method> <!-- closeBowser -->
        <test-method is-config="true" signature="launching()[pri:0, instance:TestPackage.HomePageTest@64beebb7]" started-at="2022-04-13T01:18:17 EDT" name="launching" finished-at="2022-04-13T01:18:25 EDT" duration-ms="8660" status="PASS">
          <reporter-output>
          </reporter-output>
        </test-method> <!-- launching -->
        <test-method signature="search()[pri:0, instance:TestPackage.HomePageTest@64beebb7]" started-at="2022-04-13T01:18:25 EDT" name="search" finished-at="2022-04-13T01:18:28 EDT" duration-ms="2408" status="FAIL">
          <exception class="java.lang.AssertionError">
            <message>
              <![CDATA[expected [https://www.ulta.com/shop/makeup] but found [https://www.ulta.com/]]]>
            </message>
            <full-stacktrace>
              <![CDATA[java.lang.AssertionError: expected [https://www.ulta.com/shop/makeup] but found [https://www.ulta.com/]
at org.testng.Assert.fail(Assert.java:97)
at org.testng.Assert.assertEqualsImpl(Assert.java:136)
at org.testng.Assert.assertEquals(Assert.java:118)
at org.testng.Assert.assertEquals(Assert.java:575)
at org.testng.Assert.assertEquals(Assert.java:585)
at PageClassPackage.HomePageClass.enterValuesToSearchField(HomePageClass.java:61)
at TestPackage.HomePageTest.search(HomePageTest.java:39)
at java.base/jdk.internal.reflect.NativeMethodAccessorImpl.invoke0(Native Method)
at java.base/jdk.internal.reflect.NativeMethodAccessorImpl.invoke(NativeMethodAccessorImpl.java:62)
at java.base/jdk.internal.reflect.DelegatingMethodAccessorImpl.invoke(DelegatingMethodAccessorImpl.java:43)
at java.base/java.lang.reflect.Method.invoke(Method.java:564)
at org.testng.internal.MethodInvocationHelper.invokeMethod(MethodInvocationHelper.java:135)
at org.testng.internal.TestInvoker.invokeMethod(TestInvoker.java:598)
at org.testng.internal.TestInvoker.invokeTestMethod(TestInvoker.java:174)
at org.testng.internal.MethodRunner.runInSequence(MethodRunner.java:46)
at org.testng.internal.TestInvoker$MethodInvocationAgent.invoke(TestInvoker.java:821)
at org.testng.internal.TestInvoker.invokeTestMethods(TestInvoker.java:147)
at org.testng.internal.TestMethodWorker.invokeTestMethods(TestMethodWorker.java:146)
at org.testng.internal.TestMethodWorker.run(TestMethodWorker.java:128)
at java.base/java.util.ArrayList.forEach(ArrayList.java:1510)
at org.testng.TestRunner.privateRun(TestRunner.java:767)
at org.testng.TestRunner.run(TestRunner.java:588)
at org.testng.SuiteRunner.runTest(SuiteRunner.java:384)
at org.testng.SuiteRunner.runSequentially(SuiteRunner.java:378)
at org.testng.SuiteRunner.privateRun(SuiteRunner.java:337)
at org.testng.SuiteRunner.run(SuiteRunner.java:286)
at org.testng.SuiteRunnerWorker.runSuite(SuiteRunnerWorker.java:53)
at org.testng.SuiteRunnerWorker.run(SuiteRunnerWorker.java:96)
at org.testng.TestNG.runSuitesSequentially(TestNG.java:1214)
at org.testng.TestNG.runSuitesLocally(TestNG.java:1136)
at org.testng.TestNG.runSuites(TestNG.java:1066)
at org.testng.TestNG.run(TestNG.java:1034)
at org.testng.remote.AbstractRemoteTestNG.run(AbstractRemoteTestNG.java:115)
at org.testng.remote.RemoteTestNG.initAndRun(RemoteTestNG.java:251)
at org.testng.remote.RemoteTestNG.main(RemoteTestNG.java:77)
]]>
            </full-stacktrace>
          </exception> <!-- java.lang.AssertionError -->
          <reporter-output>
          </reporter-output>
        </test-method> <!-- search -->
        <test-method is-config="true" signature="closeBowser()[pri:0, instance:TestPackage.HomePageTest@64beebb7]" started-at="2022-04-13T01:18:28 EDT" name="closeBowser" finished-at="2022-04-13T01:18:28 EDT" duration-ms="272" status="PASS">
          <reporter-output>
          </reporter-output>
        </test-method> <!-- closeBowser -->
      </class> <!-- TestPackage.HomePageTest -->
    </test> <!-- Test -->
  </suite> <!-- testing -->
</testng-results>
